Using pre-set license
Built from '2020.2/staging' branch; Version is '2020.2.7f1 (c53830e277f1) revision 12924976'; Using compiler version '192528614'; Build Type 'Release'
OS: 'Windows 10 Home; OS build 22000.194; Version 2009; 64bit' Language: 'en' Physical Memory: 12029 MB
BatchMode: 1, IsHumanControllingUs: 0, StartBugReporterOnCrash: 0, Is64bit: 1, IsPro: 0

 COMMAND LINE ARGUMENTS:
C:\Program Files\Unity\Editor\Unity.exe
-adb2
-batchMode
-noUpm
-name
AssetImportWorker0
-projectPath
C:/Users/salem/Documents/GitHub/Pixel Adventure
-logFile
Logs/AssetImportWorker0.log
-srvPort
51176
Successfully changed project path to: C:/Users/salem/Documents/GitHub/Pixel Adventure
C:/Users/salem/Documents/GitHub/Pixel Adventure
Using Asset Import Pipeline V2.
Refreshing native plugins compatible for Editor in 79.81 ms, found 1 plugins.
Preloading 0 native plugins for Editor in 0.00 ms.
Initialize engine version: 2020.2.7f1 (c53830e277f1)
[Subsystems] Discovering subsystems at path C:/Program Files/Unity/Editor/Data/Resources/UnitySubsystems
[Subsystems] Discovering subsystems at path C:/Users/salem/Documents/GitHub/Pixel Adventure/Assets
GfxDevice: creating device client; threaded=0
Direct3D:
    Version:  Direct3D 11.0 [level 11.1]
    Renderer: Intel(R) UHD Graphics (ID=0x8a56)
    Vendor:   
    VRAM:     6014 MB
    Driver:   27.20.100.9365
Initialize mono
Mono path[0] = 'C:/Program Files/Unity/Editor/Data/Managed'
Mono path[1] = 'C:/Program Files/Unity/Editor/Data/MonoBleedingEdge/lib/mono/unityjit'
Mono config path = 'C:/Program Files/Unity/Editor/Data/MonoBleedingEdge/etc'
Using monoOptions --debugger-agent=transport=dt_socket,embedding=1,server=y,suspend=n,address=127.0.0.1:56240
Begin MonoManager ReloadAssembly
Registering precompiled unity dll's ...
Register platform support module: C:/Program Files/Unity/Editor/Data/PlaybackEngines/WindowsStandaloneSupport/UnityEditor.WindowsStandalone.Extensions.dll
Registered in 0.002426 seconds.
Native extension for WindowsStandalone target not found
Refreshing native plugins compatible for Editor in 70.91 ms, found 1 plugins.
Preloading 0 native plugins for Editor in 0.00 ms.
Invoked RoslynAnalysisRunner static constructor.
RoslynAnalysisRunner will not be running.
RoslynAnalysisRunner has terminated.
Mono: successfully reloaded assembly
- Completed reload, in  1.601 seconds
Platform modules already initialized, skipping
Registering precompiled user dll's ...
Registered in 0.001382 seconds.
Begin MonoManager ReloadAssembly
Native extension for WindowsStandalone target not found
Refreshing native plugins compatible for Editor in 66.49 ms, found 1 plugins.
Preloading 0 native plugins for Editor in 0.00 ms.
Invoked RoslynAnalysisRunner static constructor.
RoslynAnalysisRunner will not be running.
RoslynAnalysisRunner has terminated.
Mono: successfully reloaded assembly
- Completed reload, in  1.586 seconds
Platform modules already initialized, skipping
========================================================================
Worker process is ready to serve import requests
Launched and connected shader compiler UnityShaderCompiler.exe after 0.10 seconds
Refreshing native plugins compatible for Editor in 0.59 ms, found 1 plugins.
Preloading 0 native plugins for Editor in 0.00 ms.
Unloading 2196 Unused Serialized files (Serialized files now loaded: 0)
System memory in use before: 169.6 MB.
System memory in use after: 169.7 MB.

Unloading 24 unused Assets to reduce memory usage. Loaded Objects now: 2647.
Total: 3.541000 ms (FindLiveObjects: 0.419500 ms CreateObjectMapping: 0.214000 ms MarkObjects: 2.717600 ms  DeleteObjects: 0.187800 ms)

========================================================================
Received Import Request.
  path: Assets/Scripts/Data/Concrete Data/PlayerData.asset
  artifactKey: Guid(ff12151273195e74b926f704a6455cb0) Importer(815301076,1909f56bfc062723c751e8b465ee728b)
Start importing Assets/Scripts/Data/Concrete Data/PlayerData.asset using Guid(ff12151273195e74b926f704a6455cb0) Importer(815301076,1909f56bfc062723c751e8b465ee728b)  -> (artifact id: 'ee8b8a40fe9a4ae33dc92a61edd3283f') in 0.067670 seconds
  Import took 0.074661 seconds .

========================================================================
Received Prepare
Refreshing native plugins compatible for Editor in 2.47 ms, found 1 plugins.
Preloading 0 native plugins for Editor in 0.00 ms.
Unloading 8 Unused Serialized files (Serialized files now loaded: 0)
System memory in use before: 126.2 MB.
System memory in use after: 126.2 MB.

Unloading 8 unused Assets to reduce memory usage. Loaded Objects now: 2647.
Total: 4.095400 ms (FindLiveObjects: 0.535600 ms CreateObjectMapping: 0.173700 ms MarkObjects: 3.203500 ms  DeleteObjects: 0.179900 ms)

========================================================================
Received Import Request.
  Time since last request: 23.928927 seconds.
  path: Assets/Scenes/BaseLevel.scenetemplate
  artifactKey: Guid(95890bc8b4666ca45a7bf33eb717ceb5) Importer(815301076,1909f56bfc062723c751e8b465ee728b)
Start importing Assets/Scenes/BaseLevel.scenetemplate using Guid(95890bc8b4666ca45a7bf33eb717ceb5) Importer(815301076,1909f56bfc062723c751e8b465ee728b)  -> (artifact id: 'fa49a970e5dc89f26b72deb74841ffa1') in 0.043874 seconds
  Import took 0.050745 seconds .

========================================================================
Received Import Request.
  Time since last request: 1.973054 seconds.
  path: Assets/Scenes/Level1.unity
  artifactKey: Guid(2cda990e2423bbf4892e6590ba056729) Importer(815301076,1909f56bfc062723c751e8b465ee728b)
Start importing Assets/Scenes/Level1.unity using Guid(2cda990e2423bbf4892e6590ba056729) Importer(815301076,1909f56bfc062723c751e8b465ee728b)  -> (artifact id: 'aa0ebf8c2d4b250775b70678571fb59b') in 0.047873 seconds
  Import took 0.058716 seconds .

========================================================================
Received Import Request.
  Time since last request: 31.127557 seconds.
  path: Assets/Scenes/BaseLevel.scenetemplate
  artifactKey: Guid(95890bc8b4666ca45a7bf33eb717ceb5) Importer(815301076,1909f56bfc062723c751e8b465ee728b)
Start importing Assets/Scenes/BaseLevel.scenetemplate using Guid(95890bc8b4666ca45a7bf33eb717ceb5) Importer(815301076,1909f56bfc062723c751e8b465ee728b)  -> (artifact id: '5a6453f1abc2c56189f5f71a32e00c52') in 0.280003 seconds
  Import took 0.292531 seconds .

========================================================================
Received Import Request.
  Time since last request: 3.691638 seconds.
  path: Assets/Scenes/BaseLevel.scenetemplate
  artifactKey: Guid(95890bc8b4666ca45a7bf33eb717ceb5) Importer(815301076,1909f56bfc062723c751e8b465ee728b)
Start importing Assets/Scenes/BaseLevel.scenetemplate using Guid(95890bc8b4666ca45a7bf33eb717ceb5) Importer(815301076,1909f56bfc062723c751e8b465ee728b)  -> (artifact id: 'a3b2bea8ee7ba1892cfdd6638a0eda68') in 0.346554 seconds
  Import took 0.361743 seconds .

========================================================================
Received Import Request.
  Time since last request: 1.987830 seconds.
  path: Assets/Scenes/BaseLevel.scenetemplate
  artifactKey: Guid(95890bc8b4666ca45a7bf33eb717ceb5) Importer(815301076,1909f56bfc062723c751e8b465ee728b)
Start importing Assets/Scenes/BaseLevel.scenetemplate using Guid(95890bc8b4666ca45a7bf33eb717ceb5) Importer(815301076,1909f56bfc062723c751e8b465ee728b)  -> (artifact id: '14de96d22f8a2caa38d7011638693479') in 0.191821 seconds
  Import took 0.202553 seconds .

========================================================================
Received Import Request.
  Time since last request: 22.508684 seconds.
  path: Assets/Scenes/BaseLevel.scenetemplate
  artifactKey: Guid(95890bc8b4666ca45a7bf33eb717ceb5) Importer(815301076,1909f56bfc062723c751e8b465ee728b)
Start importing Assets/Scenes/BaseLevel.scenetemplate using Guid(95890bc8b4666ca45a7bf33eb717ceb5) Importer(815301076,1909f56bfc062723c751e8b465ee728b)  -> (artifact id: '993e0dc25c3c2082dd30a36e2cf20c4b') in 0.194753 seconds
  Import took 0.209630 seconds .

========================================================================
Received Import Request.
  Time since last request: 47449.595320 seconds.
  path: Assets/Scenes/BaseLevel.unity
  artifactKey: Guid(8a3f108915b83254d8982b1db934073f) Importer(815301076,1909f56bfc062723c751e8b465ee728b)
Start importing Assets/Scenes/BaseLevel.unity using Guid(8a3f108915b83254d8982b1db934073f) Importer(815301076,1909f56bfc062723c751e8b465ee728b)  -> (artifact id: 'a666d871545fce221b0d7f89fdf68622') in 0.062022 seconds
  Import took 0.073799 seconds .

========================================================================
Received Import Request.
  Time since last request: 24.218594 seconds.
  path: Assets/Prefabs/Camera/Camera Holder.prefab
  artifactKey: Guid(4e5e2c09e49d2a24692c8bb8e085d326) Importer(815301076,1909f56bfc062723c751e8b465ee728b)
Start importing Assets/Prefabs/Camera/Camera Holder.prefab using Guid(4e5e2c09e49d2a24692c8bb8e085d326) Importer(815301076,1909f56bfc062723c751e8b465ee728b)  -> (artifact id: 'ba703139ff517a4ed18c2b1b2b3277a6') in 0.047194 seconds
  Import took 0.054241 seconds .

========================================================================
Received Prepare
Registering precompiled user dll's ...
Registered in 0.001771 seconds.
Begin MonoManager ReloadAssembly
Native extension for WindowsStandalone target not found
Refreshing native plugins compatible for Editor in 0.51 ms, found 1 plugins.
Preloading 0 native plugins for Editor in 0.00 ms.
Invoked RoslynAnalysisRunner static constructor.
RoslynAnalysisRunner will not be running.
RoslynAnalysisRunner has terminated.
Mono: successfully reloaded assembly
- Completed reload, in  1.433 seconds
Platform modules already initialized, skipping
Refreshing native plugins compatible for Editor in 0.54 ms, found 1 plugins.
Preloading 0 native plugins for Editor in 0.00 ms.
Unloading 2188 Unused Serialized files (Serialized files now loaded: 0)
System memory in use before: 169.8 MB.
System memory in use after: 169.8 MB.

Unloading 10 unused Assets to reduce memory usage. Loaded Objects now: 2653.
Total: 6.440000 ms (FindLiveObjects: 0.509700 ms CreateObjectMapping: 0.198900 ms MarkObjects: 5.533500 ms  DeleteObjects: 0.194900 ms)

========================================================================
Received Import Request.
  Time since last request: 1118.076398 seconds.
  path: Assets/Scenes/BaseLevel.scenetemplate
  artifactKey: Guid(95890bc8b4666ca45a7bf33eb717ceb5) Importer(815301076,1909f56bfc062723c751e8b465ee728b)
Start importing Assets/Scenes/BaseLevel.scenetemplate using Guid(95890bc8b4666ca45a7bf33eb717ceb5) Importer(815301076,1909f56bfc062723c751e8b465ee728b)  -> (artifact id: '8ec93169cc94dc32b821ba9b42b60c76') in 0.099259 seconds
  Import took 0.113794 seconds .

========================================================================
Received Import Request.
  Time since last request: 0.000480 seconds.
  path: Assets/Scenes/BaseLevel.unity
  artifactKey: Guid(8a3f108915b83254d8982b1db934073f) Importer(815301076,1909f56bfc062723c751e8b465ee728b)
Start importing Assets/Scenes/BaseLevel.unity using Guid(8a3f108915b83254d8982b1db934073f) Importer(815301076,1909f56bfc062723c751e8b465ee728b)  -> (artifact id: '4f0baba2fa02df8a5f8f4a2d943eefcc') in 0.012168 seconds
  Import took 0.029095 seconds .

========================================================================
Received Import Request.
  Time since last request: 0.000674 seconds.
  path: Assets/Scenes/Level18.unity
  artifactKey: Guid(6ce408631a6277549b01c3b66c5b6190) Importer(815301076,1909f56bfc062723c751e8b465ee728b)
Start importing Assets/Scenes/Level18.unity using Guid(6ce408631a6277549b01c3b66c5b6190) Importer(815301076,1909f56bfc062723c751e8b465ee728b)  -> (artifact id: '34c30f6210ca2daf2814e95239ccf332') in 0.039539 seconds
  Import took 0.056964 seconds .

========================================================================
Received Prepare
Registering precompiled user dll's ...
Registered in 0.001622 seconds.
Begin MonoManager ReloadAssembly
Native extension for WindowsStandalone target not found
Refreshing native plugins compatible for Editor in 0.51 ms, found 1 plugins.
Preloading 0 native plugins for Editor in 0.00 ms.
Invoked RoslynAnalysisRunner static constructor.
RoslynAnalysisRunner will not be running.
RoslynAnalysisRunner has terminated.
Mono: successfully reloaded assembly
- Completed reload, in  1.363 seconds
Platform modules already initialized, skipping
Refreshing native plugins compatible for Editor in 1.17 ms, found 1 plugins.
Preloading 0 native plugins for Editor in 0.00 ms.
Unloading 2188 Unused Serialized files (Serialized files now loaded: 0)
System memory in use before: 169.8 MB.
System memory in use after: 169.9 MB.

Unloading 10 unused Assets to reduce memory usage. Loaded Objects now: 2657.
Total: 4.218600 ms (FindLiveObjects: 0.764300 ms CreateObjectMapping: 0.138200 ms MarkObjects: 3.103500 ms  DeleteObjects: 0.209600 ms)

========================================================================
Received Import Request.
  Time since last request: 486.055001 seconds.
  path: Assets/Prefabs/Players/Player.prefab
  artifactKey: Guid(7e6b7fd7f61ce17498bf513a5d8b75ab) Importer(815301076,1909f56bfc062723c751e8b465ee728b)
Start importing Assets/Prefabs/Players/Player.prefab using Guid(7e6b7fd7f61ce17498bf513a5d8b75ab) Importer(815301076,1909f56bfc062723c751e8b465ee728b)  -> (artifact id: '0aa3f749a5cee821059b638637cf6f67') in 0.172514 seconds
  Import took 0.186347 seconds .

========================================================================
Received Import Request.
  Time since last request: 50.274021 seconds.
  path: Assets/Scenes/BaseLevel.unity
  artifactKey: Guid(8a3f108915b83254d8982b1db934073f) Importer(815301076,1909f56bfc062723c751e8b465ee728b)
Start importing Assets/Scenes/BaseLevel.unity using Guid(8a3f108915b83254d8982b1db934073f) Importer(815301076,1909f56bfc062723c751e8b465ee728b)  -> (artifact id: 'd4885697a4d509c43fe9bf8bf4e766e7') in 0.020040 seconds
  Import took 0.031781 seconds .

========================================================================
Received Import Request.
  Time since last request: 25.944693 seconds.
  path: Assets/Scenes/BaseLevel 1.scenetemplate
  artifactKey: Guid(a61db3257ee544144aa513f2ee15b3cc) Importer(815301076,1909f56bfc062723c751e8b465ee728b)
Start importing Assets/Scenes/BaseLevel 1.scenetemplate using Guid(a61db3257ee544144aa513f2ee15b3cc) Importer(815301076,1909f56bfc062723c751e8b465ee728b)  -> (artifact id: 'b989c8f5b398c9dca0a1c338e4709d60') in 0.261744 seconds
  Import took 0.279090 seconds .

========================================================================
Received Import Request.
  Time since last request: 0.000555 seconds.
  path: Assets/Scenes/BaseLevel.scenetemplate
  artifactKey: Guid(95890bc8b4666ca45a7bf33eb717ceb5) Importer(815301076,1909f56bfc062723c751e8b465ee728b)
Start importing Assets/Scenes/BaseLevel.scenetemplate using Guid(95890bc8b4666ca45a7bf33eb717ceb5) Importer(815301076,1909f56bfc062723c751e8b465ee728b)  -> (artifact id: '12e21d2f9843e07becc838654892c2a2') in 0.222498 seconds
  Import took 0.239225 seconds .

========================================================================
Received Import Request.
  Time since last request: 41.180254 seconds.
  path: Assets/Scenes/BaseLevel.scenetemplate
  artifactKey: Guid(95890bc8b4666ca45a7bf33eb717ceb5) Importer(815301076,1909f56bfc062723c751e8b465ee728b)
Start importing Assets/Scenes/BaseLevel.scenetemplate using Guid(95890bc8b4666ca45a7bf33eb717ceb5) Importer(815301076,1909f56bfc062723c751e8b465ee728b)  -> (artifact id: '57d157d8fcc866231e319eb7fe0ee967') in 0.214584 seconds
  Import took 0.229346 seconds .

========================================================================
Received Prepare
Registering precompiled user dll's ...
Registered in 0.006545 seconds.
Begin MonoManager ReloadAssembly
Native extension for WindowsStandalone target not found
Refreshing native plugins compatible for Editor in 2.27 ms, found 1 plugins.
Preloading 0 native plugins for Editor in 0.00 ms.
Invoked RoslynAnalysisRunner static constructor.
RoslynAnalysisRunner will not be running.
RoslynAnalysisRunner has terminated.
Mono: successfully reloaded assembly
- Completed reload, in  2.381 seconds
Platform modules already initialized, skipping
Refreshing native plugins compatible for Editor in 0.54 ms, found 1 plugins.
Preloading 0 native plugins for Editor in 0.00 ms.
Unloading 2188 Unused Serialized files (Serialized files now loaded: 0)
System memory in use before: 169.9 MB.
System memory in use after: 169.9 MB.

Unloading 10 unused Assets to reduce memory usage. Loaded Objects now: 2661.
Total: 4.091100 ms (FindLiveObjects: 0.404900 ms CreateObjectMapping: 0.179500 ms MarkObjects: 3.370300 ms  DeleteObjects: 0.132900 ms)

========================================================================
Received Prepare
Registering precompiled user dll's ...
Registered in 0.001544 seconds.
Begin MonoManager ReloadAssembly
Native extension for WindowsStandalone target not found
Refreshing native plugins compatible for Editor in 0.85 ms, found 1 plugins.
Preloading 0 native plugins for Editor in 0.00 ms.
Invoked RoslynAnalysisRunner static constructor.
RoslynAnalysisRunner will not be running.
RoslynAnalysisRunner has terminated.
Mono: successfully reloaded assembly
- Completed reload, in  1.680 seconds
Platform modules already initialized, skipping
Refreshing native plugins compatible for Editor in 0.51 ms, found 1 plugins.
Preloading 0 native plugins for Editor in 0.00 ms.
Unloading 2188 Unused Serialized files (Serialized files now loaded: 0)
System memory in use before: 169.9 MB.
System memory in use after: 169.9 MB.

Unloading 10 unused Assets to reduce memory usage. Loaded Objects now: 2665.
Total: 5.666100 ms (FindLiveObjects: 0.443500 ms CreateObjectMapping: 0.255400 ms MarkObjects: 4.782400 ms  DeleteObjects: 0.181800 ms)

========================================================================
Received Prepare
Registering precompiled user dll's ...
Registered in 0.002671 seconds.
Begin MonoManager ReloadAssembly
Native extension for WindowsStandalone target not found
Refreshing native plugins compatible for Editor in 1.11 ms, found 1 plugins.
Preloading 0 native plugins for Editor in 0.00 ms.
Invoked RoslynAnalysisRunner static constructor.
RoslynAnalysisRunner will not be running.
RoslynAnalysisRunner has terminated.
Mono: successfully reloaded assembly
- Completed reload, in  2.312 seconds
Platform modules already initialized, skipping
Refreshing native plugins compatible for Editor in 0.57 ms, found 1 plugins.
Preloading 0 native plugins for Editor in 0.00 ms.
Unloading 2188 Unused Serialized files (Serialized files now loaded: 0)
System memory in use before: 169.9 MB.
System memory in use after: 170.0 MB.

Unloading 10 unused Assets to reduce memory usage. Loaded Objects now: 2669.
Total: 4.921200 ms (FindLiveObjects: 0.667400 ms CreateObjectMapping: 0.177200 ms MarkObjects: 3.904000 ms  DeleteObjects: 0.170100 ms)

========================================================================
Received Prepare
Registering precompiled user dll's ...
Registered in 0.001924 seconds.
Begin MonoManager ReloadAssembly
Native extension for WindowsStandalone target not found
Refreshing native plugins compatible for Editor in 0.61 ms, found 1 plugins.
Preloading 0 native plugins for Editor in 0.00 ms.
Invoked RoslynAnalysisRunner static constructor.
RoslynAnalysisRunner will not be running.
RoslynAnalysisRunner has terminated.
Mono: successfully reloaded assembly
- Completed reload, in  1.737 seconds
Platform modules already initialized, skipping
Refreshing native plugins compatible for Editor in 0.65 ms, found 1 plugins.
Preloading 0 native plugins for Editor in 0.00 ms.
Unloading 2188 Unused Serialized files (Serialized files now loaded: 0)
System memory in use before: 169.9 MB.
System memory in use after: 170.0 MB.

Unloading 10 unused Assets to reduce memory usage. Loaded Objects now: 2673.
Total: 4.235200 ms (FindLiveObjects: 0.368400 ms CreateObjectMapping: 0.175600 ms MarkObjects: 3.503400 ms  DeleteObjects: 0.185700 ms)

========================================================================
Received Import Request.
  Time since last request: 950.524827 seconds.
  path: Assets/Scripts/Data/Concrete Data/PlayerData 1.asset
  artifactKey: Guid(c87530bdfbe61814b9af695a4f99fc83) Importer(815301076,1909f56bfc062723c751e8b465ee728b)
Start importing Assets/Scripts/Data/Concrete Data/PlayerData 1.asset using Guid(c87530bdfbe61814b9af695a4f99fc83) Importer(815301076,1909f56bfc062723c751e8b465ee728b)  -> (artifact id: '55dc58d117d59f7a0b6845a1f10a7736') in 0.061331 seconds
  Import took 0.071842 seconds .

========================================================================
Received Prepare
Registering precompiled user dll's ...
Registered in 0.008443 seconds.
Begin MonoManager ReloadAssembly
Native extension for WindowsStandalone target not found
Refreshing native plugins compatible for Editor in 0.92 ms, found 1 plugins.
Preloading 0 native plugins for Editor in 0.00 ms.
Invoked RoslynAnalysisRunner static constructor.
RoslynAnalysisRunner will not be running.
RoslynAnalysisRunner has terminated.
Mono: successfully reloaded assembly
- Completed reload, in  5.678 seconds
Platform modules already initialized, skipping
Refreshing native plugins compatible for Editor in 8.12 ms, found 1 plugins.
Preloading 0 native plugins for Editor in 0.00 ms.
Unloading 2188 Unused Serialized files (Serialized files now loaded: 0)
System memory in use before: 169.9 MB.
System memory in use after: 170.0 MB.

Unloading 10 unused Assets to reduce memory usage. Loaded Objects now: 2677.
Total: 5.479200 ms (FindLiveObjects: 0.529600 ms CreateObjectMapping: 0.238200 ms MarkObjects: 4.515600 ms  DeleteObjects: 0.191500 ms)

========================================================================
Received Import Request.
  Time since last request: 188.371845 seconds.
  path: Assets/Materials/Player.physicsMaterial2D
  artifactKey: Guid(9ece41d483fb02740afb6078fec3d921) Importer(815301076,1909f56bfc062723c751e8b465ee728b)
Start importing Assets/Materials/Player.physicsMaterial2D using Guid(9ece41d483fb02740afb6078fec3d921) Importer(815301076,1909f56bfc062723c751e8b465ee728b)  -> (artifact id: '66cbf5a452c30736513f74e6f6431e40') in 0.075381 seconds
  Import took 0.099622 seconds .

========================================================================
Received Prepare
Registering precompiled user dll's ...
Registered in 0.003756 seconds.
Begin MonoManager ReloadAssembly
Native extension for WindowsStandalone target not found
Refreshing native plugins compatible for Editor in 0.84 ms, found 1 plugins.
Preloading 0 native plugins for Editor in 0.00 ms.
Invoked RoslynAnalysisRunner static constructor.
RoslynAnalysisRunner will not be running.
RoslynAnalysisRunner has terminated.
Mono: successfully reloaded assembly
- Completed reload, in  3.091 seconds
Platform modules already initialized, skipping
Refreshing native plugins compatible for Editor in 5.44 ms, found 1 plugins.
Preloading 0 native plugins for Editor in 0.00 ms.
Unloading 2188 Unused Serialized files (Serialized files now loaded: 0)
System memory in use before: 169.9 MB.
System memory in use after: 170.0 MB.

Unloading 10 unused Assets to reduce memory usage. Loaded Objects now: 2681.
Total: 5.586700 ms (FindLiveObjects: 0.798100 ms CreateObjectMapping: 0.205400 ms MarkObjects: 4.363800 ms  DeleteObjects: 0.212800 ms)

========================================================================
Received Prepare
Registering precompiled user dll's ...
Registered in 0.003244 seconds.
Begin MonoManager ReloadAssembly
Native extension for WindowsStandalone target not found
Refreshing native plugins compatible for Editor in 0.55 ms, found 1 plugins.
Preloading 0 native plugins for Editor in 0.00 ms.
Invoked RoslynAnalysisRunner static constructor.
RoslynAnalysisRunner will not be running.
RoslynAnalysisRunner has terminated.
Mono: successfully reloaded assembly
- Completed reload, in  1.792 seconds
Platform modules already initialized, skipping
Refreshing native plugins compatible for Editor in 0.67 ms, found 1 plugins.
Preloading 0 native plugins for Editor in 0.00 ms.
Unloading 2188 Unused Serialized files (Serialized files now loaded: 0)
System memory in use before: 170.0 MB.
System memory in use after: 170.0 MB.

Unloading 10 unused Assets to reduce memory usage. Loaded Objects now: 2685.
Total: 3.375600 ms (FindLiveObjects: 0.341200 ms CreateObjectMapping: 0.183800 ms MarkObjects: 2.681300 ms  DeleteObjects: 0.167100 ms)

AssetImportWorkerClient::OnTransportError - code=2 error=End of file
